2025-03-12 01:30:02 - INFO - System started successfully
2025-03-12 01:31:15 - WARNING - High memory usage detected
2025-03-12 01:32:45 - ERROR - Failed to connect to database
2025-03-12 01:34:10 - INFO - User logged in
2025-03-12 01:35:22 - ERROR - File not found
2025-03-12 01:36:05 - ERROR - Timeout while connecting to API
2025-03-12 01:38:47 - WARNING - Low disk space
2025-03-12 01:40:30 - ERROR - Unauthorized access attempt detected
2025-03-12 01:42:55 - INFO - Backup completed
2025-03-13 02:00:00 - INFO - Server restarted
2025-03-13 02:01:22 - WARNING - CPU temperature high
2025-03-13 02:03:45 - ERROR - Disk write failure
2025-03-13 02:05:10 - INFO - New user registered
2025-03-13 02:06:33 - ERROR - Service X crashed
2025-03-13 02:08:44 - INFO - Service restarted
2025-03-13 02:10:12 - WARNING - Database response slow
2025-03-13 02:12:36 - ERROR - Out of memory
2025-03-13 02:15:00 - INFO - Scheduled job completed
2025-03-13 02:18:20 - ERROR - API request timeout
2025-03-13 02:20:45 - WARNING - Unusual login attempt detected
2025-03-13 02:22:55 - ERROR - Server not responding
2025-03-13 02:25:40 - INFO - Logs cleared successfully
2025-03-14 02:27:30 - INFO - Maintenance completed
2025-03-14 02:30:00 - ERROR - Database corruption detected
2025-03-14 02:33:15 - INFO - Cache cleared
2025-03-14 02:36:50 - WARNING - SSL certificate expiring soon
2025-03-14 02:40:45 - ERROR - Connection refused
2025-03-14 02:45:05 - INFO - Application restarted
2025-03-14 02:50:30 - WARNING - Network latency detected
2025-03-14 02:55:15 - ERROR - File permission denied
2025-03-14 03:00:22 - INFO - Auto-scaling triggered
2025-03-14 03:05:12 - WARNING - Security scan failed
2025-03-14 03:10:10 - ERROR - Backup failure
2025-03-14 03:12:30 - INFO - Patch applied successfully
2025-03-14 03:15:55 - WARNING - Server reaching capacity
2025-03-14 03:20:45 - ERROR - Memory leak detected
2025-03-14 03:25:50 - INFO - Load balancer updated
2025-03-14 03:30:10 - ERROR - Unauthorized SSH attempt
2025-03-14 03:35:22 - INFO - API rate limit adjusted
2025-03-14 03:40:50 - WARNING - Disk usage high
2025-03-14 03:45:30 - ERROR - Firewall rule misconfigured
2025-03-14 03:50:40 - INFO - Scheduled reboot
2025-03-14 03:55:55 - ERROR - Critical system failure
2025-03-15 04:00:00 - INFO - System rebooted successfully
